proguard-project.txt
# To enable ProGuard in your project, edit project.properties
# to define the proguard.config property as described in that file.
#
# Add project specific ProGuard rules here.
# By default, the flags in this file are appended to flags specified
# in ${sdk.dir}/tools/proguard/proguard-android.txt
# You can edit the include path and order by changing the ProGuard
# include property in project.properties.
#
# For more details, see
#   http://developer.android.com/guide/developing/tools/proguard.html

# Add any project specific keep options here:

# If your project uses WebView with JS, uncomment the following
# and specify the fully qualified class name to the JavaScript interface
# class:
#-keepclassmembers class fqcn.of.javascript.interface.for.webview {
#   public *;
#}

-dontobfuscate 
-optimizationpasses 5
-dontusemixedcaseclassnames
-dontskipnonpubliclibraryclasses
-verbose
-dontoptimize
-optimizations !code/simplification/arithmetic,!field/*,!class/merging/*

-dontwarn android.support.v4.**    
-dontwarn org.apache.commons.net.**  
-dontshrink  
-dontwarn com.google.android.maps.**  
-dontwarn android.webkit.WebView  
-dontwarn com.igexin.**
-dontwarn android.support.**

-keep class com.igexin.**{*;}
-keep class android.support.v4.** { *; }
-keep interface android.support.v4.app.** { *; }


-keep public class * extends android.app.Activity
-keep public class * extends android.app.Application
-keep public class * extends android.app.Service
-keep public class * extends android.content.BroadcastReceiver
-keep public class * extends android.content.ContentProvider
-keep public class * extends java.lang.Throwable {*;}
-keep public class * extends java.lang.Exception {*;}



-libraryjars libs/alipaySdk-20151112.jar
-libraryjars libs/android-support-v4.jar
-libraryjars libs/checkout_ct_20160113.jar
-libraryjars libs/gson-2.2.4.jar
-libraryjars libs/libammsdk.jar
-libraryjars libs/UPPayAssistEx.jar
-libraryjars libs/lianpay_out_c.jar
-libraryjars libs/passguard.jar

# ########## 统一收银台   ###########
-dontwarn cn.wd.checkout.api.**

-keep class cn.wd.checkout.api.** {*;}
-keep class cn.wd.checkout.processor.** {*;}

# ########## gson ##########
-keep class com.google.**{*;}

# ########## 链支付 ##########
-dontwarn cn.wanda.lianpay.**
-keep class cn.wanda.lianpay.** {*;}
-keep class cn.wanda.processor.** {*;}
-keep class cn.wanda.support.** {*;}

# ########## 阿里支付 ##########
-keep class com.alipay.android.app.IAlixPay{*;}
-keep class com.alipay.android.app.IAlixPay$Stub{*;}
-keep class com.alipay.android.app.IRemoteServiceCallback{*;}
-keep class com.alipay.android.app.IRemoteServiceCallback$Stub{*;}
-keep class com.alipay.sdk.app.PayTask{ public *;}
-keep class com.alipay.sdk.app.AuthTask{ public *;}

# ########## 银联支付 ##########
-keep  public class com.unionpay.uppay.net.HttpConnection {
	public <methods>;
}
-keep  public class com.unionpay.uppay.net.HttpParameters {
	public <methods>;
}
-keep  public class com.unionpay.uppay.model.BankCardInfo {
	public <methods>;
}
-keep  public class com.unionpay.uppay.model.PAAInfo {
	public <methods>;
}
-keep  public class com.unionpay.uppay.model.ResponseInfo {
	public <methods>;
}
-keep  public class com.unionpay.uppay.model.PurchaseInfo {
	public <methods>;
}
-keep  public class com.unionpay.uppay.util.DeviceInfo {
	public <methods>;
}
-keep  public class java.util.HashMap {
	public <methods>;
}
-keep  public class java.lang.String {
	public <methods>;
}
-keep  public class java.util.List {
	public <methods>;
}
-keep  public class com.unionpay.uppay.util.PayEngine {
	public <methods>;
	native <methods>;
}

-keepclasseswithmembernames class * {
    native <methods>;
}

-keepclasseswithmembers class * {
    public <init>(android.content.Context, android.util.AttributeSet);
}

-keepclasseswithmembers class * {
    public <init>(android.content.Context, android.util.AttributeSet, int);
}

-keepclassmembers class * extends android.app.Activity {
   public void *(android.view.View);
}

-keepclassmembers enum * {
    public static **[] values();
    public static ** valueOf(java.lang.String);
}

-keep class * implements android.os.Parcelable {
  public static final android.os.Parcelable$Creator *;
}