proguard/mapping.txt
cn.paydemo.BuildConfig -> cn.paydemo.a:
    boolean DEBUG -> a
cn.paydemo.MainActivity -> cn.paydemo.MainActivity:
    android.widget.ListView mLv -> a
    java.lang.String DEFAULT_URL -> b
    void onCreate(android.os.Bundle) -> onCreate
    java.util.Map transToBillReqMapParams() -> a
    void initView() -> b
    void onItemClick(android.widget.AdapterView,android.view.View,int,long) -> onItemClick
    void onClick(android.view.View) -> onClick
cn.paydemo.PayMethodListItem -> cn.paydemo.b:
    java.lang.Integer[] payIcons -> a
    java.lang.String[] payNames -> b
    java.lang.String[] payDescs -> c
    android.view.LayoutInflater mInflater -> d
    int getCount() -> getCount
    java.lang.Object getItem(int) -> getItem
    long getItemId(int) -> getItemId
    android.view.View getView(int,android.view.View,android.view.ViewGroup) -> getView
cn.paydemo.PayMethodListItem$ViewHolder -> cn.paydemo.c:
    android.widget.ImageView payIcon -> a
    android.widget.TextView payName -> b
    android.widget.TextView payDesc -> c
    cn.paydemo.PayMethodListItem this$0 -> d
cn.paydemo.R -> cn.paydemo.d:
cn.paydemo.R$attr -> cn.paydemo.e:
cn.paydemo.R$color -> cn.paydemo.f:
    int black -> a
    int bluebg -> b
    int fontgrey -> c
    int greybg -> d
    int white -> e
cn.paydemo.R$dimen -> cn.paydemo.g:
    int activity_horizontal_margin -> a
    int activity_vertical_margin -> b
cn.paydemo.R$drawable -> cn.paydemo.h:
    int alipay -> a
    int ic_large_button_normal -> b
    int ic_large_button_pressed -> c
    int ic_launcher -> d
    int icon_alipay -> e
    int icon_app_pay -> f
    int icon_checked -> g
    int icon_hybrid_pay -> h
    int icon_scan_pay -> i
    int icon_uncheck -> j
    int icon_uppay -> k
    int icon_web_pay -> l
    int icon_wonderspay -> m
    int icon_wxpay -> n
    int img_query_back -> o
    int scan -> p
    int unionpay -> q
    int wechat -> r
    int yp_jiantou_down -> s
cn.paydemo.R$id -> cn.paydemo.i:
    int TextView01 -> a
    int action_settings -> b
    int btn_login -> c
    int btn_login_back -> d
    int btn_method_back -> e
    int btn_order_back -> f
    int btn_order_pay -> g
    int btn_result_back -> h
    int edt_login_account -> i
    int edt_main_goods_title -> j
    int edt_main_goods_title_desc -> k
    int edt_main_money -> l
    int edt_main_order_title -> m
    int edt_main_order_title_desc -> n
    int edt_passguard_pay_password -> o
    int fragment_lian_pay -> p
    int goodsInfo -> q
    int imageView1 -> r
    int lv_method_list -> s
    int main_lv -> t
    int main_rl_bottom -> u
    int payDesc -> v
    int payIcon -> w
    int payMethod -> x
    int payName -> y
    int pge_login_password -> z
    int relativeLayout1 -> A
    int rl_order_payment_method -> B
    int textView1 -> C
    int textView3 -> D
    int textView5 -> E
    int textView7 -> F
    int textView9 -> G
    int topTitle -> H
    int tv_goods_title -> I
    int tv_method_title -> J
    int tv_order_account -> K
    int tv_order_payment_method -> L
    int tv_order_sum -> M
    int tv_order_title -> N
    int tv_result_info -> O
    int tv_result_title -> P
    int wp_wb -> Q
cn.paydemo.R$layout -> cn.paydemo.j:
    int activity_main -> a
    int activity_main_sdk -> b
    int activity_native_pay -> c
    int activity_pay_demo -> d
    int activity_web_pay -> e
    int lp_login_fragment -> f
    int lp_order_fragment -> g
    int lp_order_pay_method_fragment -> h
    int lp_results_fragment -> i
    int main_list_item -> j
    int pay_list_item -> k
cn.paydemo.R$menu -> cn.paydemo.k:
    int main -> a
cn.paydemo.R$string -> cn.paydemo.l:
    int action_settings -> a
    int app_name -> b
    int hello_world -> c
cn.paydemo.R$style -> cn.paydemo.m:
    int AppBaseTheme -> a
    int AppTheme -> b
...
com.google.gson.internal.Primitives -> com.google.gson.internal.Primitives:
    java.util.Map PRIMITIVE_TO_WRAPPER_TYPE -> PRIMITIVE_TO_WRAPPER_TYPE
    java.util.Map WRAPPER_TO_PRIMITIVE_TYPE -> WRAPPER_TO_PRIMITIVE_TYPE
    void add(java.util.Map,java.util.Map,java.lang.Class,java.lang.Class) -> add
    boolean isPrimitive(java.lang.reflect.Type) -> isPrimitive
    boolean isWrapperType(java.lang.reflect.Type) -> isWrapperType
    java.lang.Class wrap(java.lang.Class) -> wrap
    java.lang.Class unwrap(java.lang.Class) -> unwrap
com.google.gson.internal.Streams -> com.google.gson.internal.Streams:
    com.google.gson.JsonElement parse(com.google.gson.stream.JsonReader) -> parse
    void write(com.google.gson.JsonElement,com.google.gson.stream.JsonWriter) -> write
    java.io.Writer writerForAppendable(java.lang.Appendable) -> writerForAppendable
com.google.gson.internal.Streams$1 -> com.google.gson.internal.Streams$1:
com.google.gson.internal.Streams$AppendableWriter -> com.google.gson.internal.Streams$AppendableWriter:
    java.lang.Appendable appendable -> appendable
    com.google.gson.internal.Streams$AppendableWriter$CurrentWrite currentWrite -> currentWrite
    void write(char[],int,int) -> write
    void write(int) -> write
    void flush() -> flush
    void close() -> close
com.google.gson.internal.Streams$AppendableWriter$CurrentWrite -> com.google.gson.internal.Streams$AppendableWriter$CurrentWrite:
    char[] chars -> chars
    int length() -> length
    char charAt(int) -> charAt
    java.lang.CharSequence subSequence(int,int) -> subSequence
com.google.gson.internal.UnsafeAllocator -> com.google.gson.internal.UnsafeAllocator:
    java.lang.Object newInstance(java.lang.Class) -> newInstance
    com.google.gson.internal.UnsafeAllocator create() -> create
com.google.gson.internal.UnsafeAllocator$1 -> com.google.gson.internal.UnsafeAllocator$1:
    java.lang.reflect.Method val$allocateInstance -> val$allocateInstance
    java.lang.Object val$unsafe -> val$unsafe
    java.lang.Object newInstance(java.lang.Class) -> newInstance
com.google.gson.internal.UnsafeAllocator$2 -> com.google.gson.internal.UnsafeAllocator$2:
    java.lang.reflect.Method val$newInstance -> val$newInstance
    java.lang.Object newInstance(java.lang.Class) -> newInstance
com.google.gson.internal.UnsafeAllocator$3 -> com.google.gson.internal.UnsafeAllocator$3:
    java.lang.reflect.Method val$newInstance -> val$newInstance
    int val$constructorId -> val$constructorId
    java.lang.Object newInstance(java.lang.Class) -> newInstance
com.google.gson.internal.UnsafeAllocator$4 -> com.google.gson.internal.UnsafeAllocator$4:
    java.lang.Object newInstance(java.lang.Class) -> newInstance
com.google.gson.internal.bind.ArrayTypeAdapter -> com.google.gson.internal.bind.ArrayTypeAdapter:
    com.google.gson.TypeAdapterFactory FACTORY -> FACTORY
    java.lang.Class componentType -> componentType
    com.google.gson.TypeAdapter componentTypeAdapter -> componentTypeAdapter
    java.lang.Object read(com.google.gson.stream.JsonReader) -> read
    void write(com.google.gson.stream.JsonWriter,java.lang.Object) -> write
com.google.gson.internal.bind.ArrayTypeAdapter$1 -> com.google.gson.internal.bind.ArrayTypeAdapter$1:
    com.google.gson.TypeAdapter create(com.google.gson.Gson,com.google.gson.reflect.TypeToken) -> create
com.google.gson.internal.bind.CollectionTypeAdapterFactory -> com.google.gson.internal.bind.CollectionTypeAdapterFactory:
    com.google.gson.internal.ConstructorConstructor constructorConstructor -> constructorConstructor
    com.google.gson.TypeAdapter create(com.google.gson.Gson,com.google.gson.reflect.TypeToken) -> create